current directory: /usr/local/bundle/gems/ffi-1.9.14/ext/ffi_c
/usr/local/bin/ruby -r ./siteconf20160908-1-16l2n5n.rb extconf.rb
checking for ffi_call() in -lffi... yes
checking for ffi_prep_closure()... yes
checking for ffi_raw_call()... yes
checking for ffi_prep_raw_closure()... yes
checking for rb_thread_blocking_region()... no
checking for rb_thread_call_with_gvl()... yes
checking for rb_thread_call_without_gvl()... yes
checking for ffi_prep_cif_var()... yes
creating extconf.h
creating Makefile

To see why this extension failed to compile, please check the mkmf.log which can be found here:

  /usr/local/bundle/extensions/x86_64-linux/2.3.0-static/ffi-1.9.14/mkmf.log

current directory: /usr/local/bundle/gems/ffi-1.9.14/ext/ffi_c
make "DESTDIR=" clean

current directory: /usr/local/bundle/gems/ffi-1.9.14/ext/ffi_c
make "DESTDIR="
compiling AbstractMemory.c
compiling ArrayType.c
compiling Buffer.c
compiling Call.c
compiling ClosurePool.c
compiling DataConverter.c
compiling DynamicLibrary.c
compiling ffi.c
compiling Function.c
compiling FunctionInfo.c
compiling LastError.c
compiling LongDouble.c
compiling MappedType.c
compiling MemoryPointer.c
compiling MethodHandle.c
compiling Platform.c
compiling Pointer.c
compiling Struct.c
compiling StructByReference.c
compiling StructByValue.c
compiling StructLayout.c
compiling Thread.c
compiling Type.c
compiling Types.c
compiling Variadic.c
linking shared-object ffi_c.so

current directory: /usr/local/bundle/gems/ffi-1.9.14/ext/ffi_c
make "DESTDIR=" install
/usr/bin/install -c -m 0755 ffi_c.so ./.gem.20160908-1-pbu6lx
